<?xml version="1.0" encoding="UTF-8"?>
<testng-results skipped="0" failed="0" ignored="0" total="1" passed="1">
  <reporter-output>
  </reporter-output>
  <suite name="Default suite" duration-ms="144184" started-at="2021-11-18T19:23:53 IST" finished-at="2021-11-18T19:26:18 IST">
    <groups>
    </groups>
    <test name="Default test" duration-ms="144184" started-at="2021-11-18T19:23:53 IST" finished-at="2021-11-18T19:26:18 IST">
      <class name="qa.sdt.test.LoginPageTest">
        <test-method status="PASS" signature="setUp()[pri:0, instance:qa.sdt.test.LoginPageTest@86be70a]" name="setUp" is-config="true" duration-ms="57438" started-at="2021-11-18T19:23:54 IST" finished-at="2021-11-18T19:24:51 IST">
          <reporter-output>
          </reporter-output>
        </test-method> <!-- setUp -->
        <test-method status="PASS" signature="validateLoginTest()[pri:0, instance:qa.sdt.test.LoginPageTest@86be70a]" name="validateLoginTest" duration-ms="86273" started-at="2021-11-18T19:24:51 IST" finished-at="2021-11-18T19:26:17 IST">
          <reporter-output>
          </reporter-output>
        </test-method> <!-- validateLoginTest -->
        <test-method status="PASS" signature="tearDown()[pri:0, instance:qa.sdt.test.LoginPageTest@86be70a]" name="tearDown" is-config="true" duration-ms="295" started-at="2021-11-18T19:26:17 IST" finished-at="2021-11-18T19:26:18 IST">
          <reporter-output>
          </reporter-output>
        </test-method> <!-- tearDown -->
      </class> <!-- qa.sdt.test.LoginPageTest -->
    </test> <!-- Default test -->
  </suite> <!-- Default suite -->
</testng-results>
